<?xml version="1.0" encoding="UTF-8"?>
<robot generator="Robot 6.0.2 (Python 3.11.3 on win32)" generated="20230625 12:33:00.093" rpa="false" schemaversion="3">
<suite id="s1" name="Api Register User" source="C:\Users\carol\OneDrive\Documents\projects\robot-framework\web-testing\APIs\Tests\api_register_user.robot">
<test id="s1-t1" name="Scenario #1: Positive registration of a new user" line="6">
<kw name="Creating a new user" library="api_resources">
<kw name="Generate Random String" library="String">
<var>${RANDOM_USER}</var>
<arg>chars=[LETTERS]</arg>
<doc>Generates a string with a desired ``length`` from the given ``chars``.</doc>
<msg timestamp="20230625 12:33:00.234" level="INFO">${RANDOM_USER} = jOgXzCjE</msg>
<status status="PASS" starttime="20230625 12:33:00.234" endtime="20230625 12:33:00.234"/>
</kw>
<kw name="Convert To Lower Case" library="String">
<var>${RANDOM_USER}</var>
<arg>${RANDOM_USER}</arg>
<doc>Converts string to lower case.</doc>
<msg timestamp="20230625 12:33:00.234" level="INFO">${RANDOM_USER} = jogxzcje</msg>
<status status="PASS" starttime="20230625 12:33:00.234" endtime="20230625 12:33:00.234"/>
</kw>
<kw name="Set Test Variable" library="BuiltIn">
<arg>${EMAIL_TEST}</arg>
<arg>${RANDOM_USER}@test.com</arg>
<doc>Makes a variable available everywhere within the scope of the current test.</doc>
<msg timestamp="20230625 12:33:00.234" level="INFO">${EMAIL_TEST} = jogxzcje@test.com</msg>
<status status="PASS" starttime="20230625 12:33:00.234" endtime="20230625 12:33:00.234"/>
</kw>
<kw name="Log" library="BuiltIn">
<arg>Random word: ${EMAIL_TEST}</arg>
<doc>Logs the given message with the given level.</doc>
<msg timestamp="20230625 12:33:00.234" level="INFO">Random word: jogxzcje@test.com</msg>
<status status="PASS" starttime="20230625 12:33:00.234" endtime="20230625 12:33:00.234"/>
</kw>
<status status="PASS" starttime="20230625 12:33:00.234" endtime="20230625 12:33:00.234"/>
</kw>
<kw name="Registering a new user" library="api_resources">
<kw name="Create Dictionary" library="BuiltIn">
<var>${BODY}</var>
<arg>nome=John Doe</arg>
<arg>email=${EMAIL_TEST}</arg>
<arg>password=123456</arg>
<arg>administrador=true</arg>
<doc>Creates and returns a dictionary based on the given ``items``.</doc>
<msg timestamp="20230625 12:33:00.234" level="INFO">${BODY} = {'nome': 'John Doe', 'email': 'jogxzcje@test.com', 'password': '123456', 'administrador': 'true'}</msg>
<status status="PASS" starttime="20230625 12:33:00.234" endtime="20230625 12:33:00.234"/>
</kw>
<kw name="Log" library="BuiltIn">
<arg>${BODY}</arg>
<doc>Logs the given message with the given level.</doc>
<msg timestamp="20230625 12:33:00.234" level="INFO">{'nome': 'John Doe', 'email': 'jogxzcje@test.com', 'password': '123456', 'administrador': 'true'}</msg>
<status status="PASS" starttime="20230625 12:33:00.234" endtime="20230625 12:33:00.234"/>
</kw>
<kw name="Create Session on ServeRest" library="api_resources">
<kw name="Create Dictionary" library="BuiltIn">
<var>${HEADER}</var>
<arg>accept=application/json</arg>
<arg>Content-Type=application/json</arg>
<doc>Creates and returns a dictionary based on the given ``items``.</doc>
<msg timestamp="20230625 12:33:00.234" level="INFO">${HEADER} = {'accept': 'application/json', 'Content-Type': 'application/json'}</msg>
<status status="PASS" starttime="20230625 12:33:00.234" endtime="20230625 12:33:00.234"/>
</kw>
<kw name="Create Session" library="RequestsLibrary">
<arg>alias=ServeRest</arg>
<arg>url=https://serverest.dev</arg>
<arg>headers=${HEADER}</arg>
<doc>Create Session: create a HTTP session to a server</doc>
<msg timestamp="20230625 12:33:00.234" level="INFO">Creating Session using : alias=ServeRest, url=https://serverest.dev, headers={'accept': 'application/json', 'Content-Type': 'application/json'},                     cookies={}, auth=None, timeout=None, proxies=None, verify=False,                     debug=0 </msg>
<status status="PASS" starttime="20230625 12:33:00.234" endtime="20230625 12:33:00.234"/>
</kw>
<status status="PASS" starttime="20230625 12:33:00.234" endtime="20230625 12:33:00.234"/>
</kw>
<kw name="POST On Session" library="RequestsLibrary">
<var>${RESPONSE}</var>
<arg>alias=ServeRest</arg>
<arg>url=/usuarios</arg>
<arg>json=${BODY}</arg>
<doc>Sends a POST request on a previously created HTTP Session.</doc>
<msg timestamp="20230625 12:33:04.246" level="INFO">POST Request : url=https://serverest.dev/usuarios 
 path_url=/usuarios 
 headers={'User-Agent': 'python-requests/2.30.0', 'Accept-Encoding': 'gzip, deflate', 'accept': 'application/json', 'Connection': 'keep-alive', 'Content-Type': 'application/json', 'Content-Length': '97'} 
 body=b'{"nome": "John Doe", "email": "jogxzcje@test.com", "password": "123456", "administrador": "true"}' 
 </msg>
<msg timestamp="20230625 12:33:04.246" level="INFO">POST Response : url=https://serverest.dev/usuarios 
 status=201, reason=Created 
 headers={'access-control-allow-origin': '*', 'x-dns-prefetch-control': 'off', 'x-frame-options': 'SAMEORIGIN', 'strict-transport-security': 'max-age=15552000; includeSubDomains', 'x-download-options': 'noopen', 'x-content-type-options': 'nosniff', 'x-xss-protection': '1; mode=block', 'x-moesif-transaction-id': '4865f84e-e94d-4319-bcb6-82321857e646', 'content-type': 'application/json; charset=utf-8', 'X-Cloud-Trace-Context': '3cef8bddecde6be4745f31c55fca951d;o=1', 'Date': 'Sun, 25 Jun 2023 15:33:02 GMT', 'Server': 'Google Frontend', 'Content-Length': '82'} 
 body={
    "message": "Cadastro realizado com sucesso",
    "_id": "R6VIe22rJRR8lC61"
} 
 </msg>
<msg timestamp="20230625 12:33:04.246" level="INFO">C:\Users\carol\AppData\Local\Programs\Python\Python311\Lib\site-packages\urllib3\connectionpool.py:1045: InsecureRequestWarning: Unverified HTTPS request is being made to host 'serverest.dev'. Adding certificate verification is strongly advised. See: https://urllib3.readthedocs.io/en/1.26.x/advanced-usage.html#ssl-warnings
  warnings.warn(</msg>
<msg timestamp="20230625 12:33:04.246" level="INFO">${RESPONSE} = &lt;Response [201]&gt;</msg>
<status status="PASS" starttime="20230625 12:33:00.234" endtime="20230625 12:33:04.246"/>
</kw>
<kw name="Log" library="BuiltIn">
<arg>${RESPONSE.json()}</arg>
<doc>Logs the given message with the given level.</doc>
<msg timestamp="20230625 12:33:04.246" level="INFO">{'message': 'Cadastro realizado com sucesso', '_id': 'R6VIe22rJRR8lC61'}</msg>
<status status="PASS" starttime="20230625 12:33:04.246" endtime="20230625 12:33:04.246"/>
</kw>
<status status="PASS" starttime="20230625 12:33:00.234" endtime="20230625 12:33:04.246"/>
</kw>
<doc>This case tests the creation of a new user</doc>
<tag>API</tag>
<status status="PASS" starttime="20230625 12:33:00.234" endtime="20230625 12:33:04.246"/>
</test>
<doc>This suite tests ServeRest API</doc>
<status status="PASS" starttime="20230625 12:33:00.093" endtime="20230625 12:33:04.246"/>
</suite>
<statistics>
<total>
<stat pass="1" fail="0" skip="0">All Tests</stat>
</total>
<tag>
<stat pass="1" fail="0" skip="0">API</stat>
</tag>
<suite>
<stat pass="1" fail="0" skip="0" id="s1" name="Api Register User">Api Register User</stat>
</suite>
</statistics>
<errors>
</errors>
</robot>
